<?xml version="1.0" encoding="UTF-8"?>
<!-- Generated by org.testng.reporters.JUnitXMLReporter -->
<testsuite hostname="Personal" ignored="0" name="Free CRM test" tests="1" failures="0" timestamp="01 Mar 2020 06:42:43 GMT" time="81.619" errors="0">
  <testcase name="@AfterClass tearDownClass" time="0.003" classname="cucumber.api.testng.AbstractTestNGCucumberTests">
    <failure type="java.lang.NullPointerException">
      <![CDATA[java.lang.NullPointerException
at cucumber.api.testng.AbstractTestNGCucumberTests.tearDownClass(AbstractTestNGCucumberTests.java:34)
... Removed 26 stack frames]]>
    </failure>
  </testcase> <!-- @AfterClass tearDownClass -->
  <testcase name="feature" time="80.156" classname="Runner.TestRunner"/>
</testsuite> <!-- Free CRM test -->
